2025-10-16 10:33:55,665 - INFO - ======================================================================
2025-10-16 10:33:55,665 - INFO - ESC-50 Processor - Starting
2025-10-16 10:33:55,665 - INFO - ======================================================================
2025-10-16 10:33:55,665 - INFO - ======================================================================
2025-10-16 10:33:55,665 - INFO - Processing ESC-50 Dataset
2025-10-16 10:33:55,666 - INFO - ======================================================================
2025-10-16 10:33:55,670 - INFO - Found 2000 files in ESC-50
2025-10-16 10:35:30,884 - INFO - ======================================================================
2025-10-16 10:35:30,884 - INFO - ESC-50 Processor - Starting
2025-10-16 10:35:30,884 - INFO - ======================================================================
2025-10-16 10:35:30,884 - INFO - ======================================================================
2025-10-16 10:35:30,884 - INFO - Processing ESC-50 Dataset
2025-10-16 10:35:30,884 - INFO - ======================================================================
2025-10-16 10:35:30,889 - INFO - Found 2000 files in ESC-50
2025-10-16 10:40:33,178 - ERROR - Error generating spectrogram: [Errno 2] No such file or directory: 'ESC50_Processed/sheep/spectrograms/2-119161-C-8_spectrogram.png'
2025-10-16 10:40:33,401 - ERROR - Error generating histogram: [Errno 2] No such file or directory: 'ESC50_Processed/sheep/histograms/2-119161-C-8_histogram.png'
2025-10-16 10:42:03,412 - INFO - ======================================================================
2025-10-16 10:42:03,413 - INFO - ESC-50 Processor - Starting
2025-10-16 10:42:03,413 - INFO - ======================================================================
2025-10-16 10:42:03,413 - INFO - ======================================================================
2025-10-16 10:42:03,413 - INFO - Processing ESC-50 Dataset
2025-10-16 10:42:03,413 - INFO - ======================================================================
2025-10-16 10:42:03,416 - INFO - Found 2000 files in ESC-50
